[Info ]: Process /usr/share/lualadspa...
[Error]: Can't process directory /usr/share/lualadspa : filesystem error: directory iterator cannot open directory: No such file or directory [/usr/share/lualadspa]
[Info ]: Process /home/utoecat/.lualadspa...
[Info ]: length : 1024
[Info ]: Compiles sucessfully
[Info ]: Runs successfully
[Print]: Plugin initialization is DONE sucessfully!
[Info ]: length : 833
[Info ]: Compiles sucessfully
[Info ]: Runs successfully
[Print]: Plugin initialization is DONE sucessfully!
[Info ]: length : 1405
[Info ]: Compiles sucessfully
[Info ]: Runs successfully
[Print]: Plugin initialization is DONE sucessfully!
[Info ]: length : 1271
[Info ]: Compiles sucessfully
[Info ]: Runs successfully
[Print]: Plugin initialization is DONE sucessfully!
[Info ]: length : 1078
[Info ]: Compiles sucessfully
[Info ]: Runs successfully
[Print]: Plugin initialization is DONE sucessfully!
[Info ]: All directories was passed successfully!
[Print]: Hi!
[Error]: Error while calling activate() : [string "Error Generator"]:47: frick
[Error]: Error while calling run() : [string "Error Generator"]:37: oh no
[Print]: Bye!
[Error]: Error while calling deactivate() : [string "Error Generator"]:52: nobody needs you
[Print]: Hi!
[Error]: Error while calling activate() : [string "Error Generator"]:47: frick
[Error]: Error while calling run() : [string "Error Generator"]:37: oh no
[Print]: Bye!
[Error]: Error while calling deactivate() : [string "Error Generator"]:52: nobody needs you
[Info ]: Plugins are unloaded!
